1749224809.954667 client started (1011378): version 3.5a, socket /run/user/1000/tmux-1000/default, protocol 8
1749224809.954692 on Linux 6.13.6 #1-NixOS SMP PREEMPT_DYNAMIC Fri Mar  7 17:27:16 UTC 2025
1749224809.954695 using libevent 2.1.12-stable poll
1749224809.954700 using utf8proc 2.10.0
1749224809.954702 using ncurses 6.5 20240427
1749224809.954712 flags are 0x18010000
1749224809.954720 socket is /run/user/1000/tmux-1000/default
1749224809.954727 trying connect
1749224809.954768 add peer 0x12792bb0: 6 ((nil))
1749224809.954801 sending message 111 to peer 0x12792bb0 (8 bytes)
1749224809.954806 sending message 111 to peer 0x12792bb0 (8 bytes)
1749224809.954808 sending message 101 to peer 0x12792bb0 (12 bytes)
1749224809.954810 sending message 109 to peer 0x12792bb0 (4 bytes)
1749224809.954811 sending message 102 to peer 0x12792bb0 (1 bytes)
1749224809.954813 sending message 108 to peer 0x12792bb0 (29 bytes)
1749224809.954816 sending message 104 to peer 0x12792bb0 (0 bytes)
1749224809.954818 sending message 110 to peer 0x12792bb0 (0 bytes)
1749224809.954820 sending message 107 to peer 0x12792bb0 (4 bytes)
1749224809.954822 sending message 105 to peer 0x12792bb0 (17 bytes)
1749224809.954824 sending message 105 to peer 0x12792bb0 (20 bytes)
1749224809.954826 sending message 105 to peer 0x12792bb0 (23 bytes)
1749224809.954828 sending message 105 to peer 0x12792bb0 (390 bytes)
1749224809.954830 sending message 105 to peer 0x12792bb0 (37 bytes)
1749224809.954832 sending message 105 to peer 0x12792bb0 (50 bytes)
1749224809.954833 sending message 105 to peer 0x12792bb0 (64 bytes)
1749224809.954835 sending message 105 to peer 0x12792bb0 (14 bytes)
1749224809.954837 sending message 105 to peer 0x12792bb0 (750 bytes)
1749224809.954839 sending message 105 to peer 0x12792bb0 (455 bytes)
1749224809.954841 sending message 105 to peer 0x12792bb0 (17 bytes)
1749224809.954843 sending message 105 to peer 0x12792bb0 (236 bytes)
1749224809.954845 sending message 105 to peer 0x12792bb0 (567 bytes)
1749224809.954847 sending message 105 to peer 0x12792bb0 (15 bytes)
1749224809.954849 sending message 105 to peer 0x12792bb0 (322 bytes)
1749224809.954851 sending message 105 to peer 0x12792bb0 (279 bytes)
1749224809.954853 sending message 105 to peer 0x12792bb0 (20 bytes)
1749224809.954855 sending message 105 to peer 0x12792bb0 (581 bytes)
1749224809.954857 sending message 105 to peer 0x12792bb0 (248 bytes)
1749224809.954859 sending message 105 to peer 0x12792bb0 (225 bytes)
1749224809.954861 sending message 105 to peer 0x12792bb0 (19 bytes)
1749224809.954863 sending message 105 to peer 0x12792bb0 (31 bytes)
1749224809.954865 sending message 105 to peer 0x12792bb0 (54 bytes)
1749224809.954866 sending message 105 to peer 0x12792bb0 (21 bytes)
1749224809.954868 sending message 105 to peer 0x12792bb0 (23 bytes)
1749224809.954870 sending message 105 to peer 0x12792bb0 (33 bytes)
1749224809.954872 sending message 105 to peer 0x12792bb0 (50 bytes)
1749224809.954874 sending message 105 to peer 0x12792bb0 (8 bytes)
1749224809.954876 sending message 105 to peer 0x12792bb0 (33 bytes)
1749224809.954877 sending message 105 to peer 0x12792bb0 (36 bytes)
1749224809.954879 sending message 105 to peer 0x12792bb0 (31 bytes)
1749224809.954881 sending message 105 to peer 0x12792bb0 (12 bytes)
1749224809.954883 sending message 105 to peer 0x12792bb0 (72 bytes)
1749224809.954885 sending message 105 to peer 0x12792bb0 (43 bytes)
1749224809.954887 sending message 105 to peer 0x12792bb0 (11 bytes)
1749224809.954888 sending message 105 to peer 0x12792bb0 (13 bytes)
1749224809.954890 sending message 105 to peer 0x12792bb0 (64 bytes)
1749224809.954892 sending message 105 to peer 0x12792bb0 (188 bytes)
1749224809.954894 sending message 105 to peer 0x12792bb0 (17 bytes)
1749224809.954896 sending message 105 to peer 0x12792bb0 (25 bytes)
1749224809.954897 sending message 105 to peer 0x12792bb0 (25 bytes)
1749224809.954899 sending message 105 to peer 0x12792bb0 (33 bytes)
1749224809.954901 sending message 105 to peer 0x12792bb0 (112 bytes)
1749224809.954903 sending message 105 to peer 0x12792bb0 (48 bytes)
1749224809.954910 sending message 105 to peer 0x12792bb0 (27 bytes)
1749224809.954912 sending message 105 to peer 0x12792bb0 (40 bytes)
1749224809.954913 sending message 105 to peer 0x12792bb0 (42 bytes)
1749224809.954915 sending message 105 to peer 0x12792bb0 (45 bytes)
1749224809.954917 sending message 105 to peer 0x12792bb0 (46 bytes)
1749224809.954919 sending message 105 to peer 0x12792bb0 (95 bytes)
1749224809.954921 sending message 105 to peer 0x12792bb0 (29 bytes)
1749224809.954923 sending message 105 to peer 0x12792bb0 (54 bytes)
1749224809.954926 sending message 105 to peer 0x12792bb0 (12768 bytes)
1749224809.954946 sending message 105 to peer 0x12792bb0 (31 bytes)
1749224809.954949 sending message 105 to peer 0x12792bb0 (24 bytes)
1749224809.954951 sending message 105 to peer 0x12792bb0 (44 bytes)
1749224809.954953 sending message 105 to peer 0x12792bb0 (93 bytes)
1749224809.954955 sending message 105 to peer 0x12792bb0 (55 bytes)
1749224809.954957 sending message 105 to peer 0x12792bb0 (180 bytes)
1749224809.954959 sending message 105 to peer 0x12792bb0 (46 bytes)
1749224809.954961 sending message 105 to peer 0x12792bb0 (17 bytes)
1749224809.954962 sending message 105 to peer 0x12792bb0 (22 bytes)
1749224809.954964 sending message 105 to peer 0x12792bb0 (19 bytes)
1749224809.954966 sending message 105 to peer 0x12792bb0 (38 bytes)
1749224809.954968 sending message 105 to peer 0x12792bb0 (47 bytes)
1749224809.954970 sending message 105 to peer 0x12792bb0 (50 bytes)
1749224809.954972 sending message 105 to peer 0x12792bb0 (27 bytes)
1749224809.954974 sending message 105 to peer 0x12792bb0 (27 bytes)
1749224809.954975 sending message 105 to peer 0x12792bb0 (27 bytes)
1749224809.954977 sending message 105 to peer 0x12792bb0 (56 bytes)
1749224809.954979 sending message 105 to peer 0x12792bb0 (16 bytes)
1749224809.954981 sending message 105 to peer 0x12792bb0 (13 bytes)
1749224809.954983 sending message 106 to peer 0x12792bb0 (0 bytes)
1749224809.954989 cmd_pack_argv: argv[0]=new-session
1749224809.954991 cmd_pack_argv: argv[1]=-d
1749224809.954993 sending message 200 to peer 0x12792bb0 (19 bytes)
1749224809.954995 client loop enter
1749224809.956283 client loop exit
